{"/Users/ManuSanchez/Desktop/CODING/PROJECTS/_manuelsanchezweb/qwik-vitest/src/components/example/example.tsx": {"path":"/Users/ManuSanchez/Desktop/CODING/PROJECTS/_manuelsanchezweb/qwik-vitest/src/components/example/example.tsx","all":false,"statementMap":{"0":{"start":{"line":1,"column":0},"end":{"line":1,"column":55}},"1":{"start":{"line":2,"column":0},"end":{"line":2,"column":0}},"2":{"start":{"line":3,"column":0},"end":{"line":3,"column":70}},"3":{"start":{"line":4,"column":0},"end":{"line":4,"column":26}},"4":{"start":{"line":5,"column":0},"end":{"line":5,"column":15}},"5":{"start":{"line":6,"column":0},"end":{"line":6,"column":4}},"6":{"start":{"line":7,"column":0},"end":{"line":7,"column":0}},"7":{"start":{"line":8,"column":0},"end":{"line":8,"column":10}},"8":{"start":{"line":9,"column":0},"end":{"line":9,"column":6}},"9":{"start":{"line":10,"column":0},"end":{"line":10,"column":40}},"10":{"start":{"line":11,"column":0},"end":{"line":11,"column":61}},"11":{"start":{"line":12,"column":0},"end":{"line":12,"column":67}},"12":{"start":{"line":13,"column":0},"end":{"line":13,"column":25}},"13":{"start":{"line":14,"column":0},"end":{"line":14,"column":15}},"14":{"start":{"line":15,"column":0},"end":{"line":15,"column":7}},"15":{"start":{"line":16,"column":0},"end":{"line":16,"column":3}},"16":{"start":{"line":17,"column":0},"end":{"line":17,"column":2}}},"s":{"0":1,"1":1,"2":1,"3":1,"4":1,"5":1,"6":1,"7":1,"8":1,"9":1,"10":1,"11":1,"12":1,"13":1,"14":1,"15":1,"16":1},"branchMap":{"0":{"type":"branch","line":3,"loc":{"start":{"line":3,"column":27},"end":{"line":3,"column":70}},"locations":[{"start":{"line":3,"column":27},"end":{"line":3,"column":70}}]}},"b":{"0":[1]},"fnMap":{"0":{"name":"__vite_ssr_import_0__.componentQrl.__vite_ssr_import_1__.qrlDEV.file","decl":{"start":{"line":3,"column":27},"end":{"line":3,"column":70}},"loc":{"start":{"line":3,"column":27},"end":{"line":3,"column":70}},"line":3}},"f":{"0":1}}
}
